<?xml version="1.0" encoding="UTF-8"?>
<!-- Generated by org.testng.reporters.JUnitReportReporter -->
<testsuite skipped="0" hostname="DESKTOP-8DAP2QS" name="testNGFramework.YourStore" tests="4" failures="0" timestamp="18 Sep 2021 11:29:06 GMT" time="24.660" errors="0">
  <testcase name="d_privacy" time="0.807" classname="testNGFramework.YourStore"/>
  <testcase name="a_pageLoad" time="21.051" classname="testNGFramework.YourStore"/>
  <testcase name="b_info" time="2.478" classname="testNGFramework.YourStore"/>
  <testcase name="c_news" time="0.324" classname="testNGFramework.YourStore"/>
</testsuite> <!-- testNGFramework.YourStore -->
