<?xml version="1.0" encoding="UTF-8"?>
<!-- Generated by org.testng.reporters.JUnitReportReporter -->
<testsuite skipped="0" hostname="DESKTOP-8DAP2QS" name="testNGFramework.AnnotationDemo" tests="2" failures="0" timestamp="29 Nov 2021 07:49:52 GMT" time="0.023" errors="0">
  <testcase name="test" time="0.009" classname="testNGFramework.AnnotationDemo"/>
  <testcase name="Test1" time="0.014" classname="testNGFramework.AnnotationDemo"/>
</testsuite> <!-- testNGFramework.AnnotationDemo -->
