<?xml version="1.0" encoding="UTF-8"?>
<!-- Generated by org.testng.reporters.JUnitReportReporter -->
<testsuite skipped="0" hostname="DESKTOP-8DAP2QS" name="testNGFramework.TakingScreenshots" tests="2" failures="0" timestamp="21 Sep 2021 05:26:06 GMT" time="16.829" errors="0">
  <testcase name="a_pageLoad" time="10.110" classname="testNGFramework.TakingScreenshots"/>
  <testcase name="b_login" time="6.719" classname="testNGFramework.TakingScreenshots"/>
</testsuite> <!-- testNGFramework.TakingScreenshots -->
