<?xml version="1.0" encoding="UTF-8"?>
<!-- Generated by org.testng.reporters.JUnitReportReporter -->
<testsuite skipped="0" hostname="DESKTOP-8DAP2QS" name="testNGFramework.Formy" tests="8" failures="0" timestamp="22 Sep 2021 05:38:45 GMT" time="57.092" errors="0">
  <testcase name="d_jTitle" time="0.678" classname="testNGFramework.Formy"/>
  <testcase name="g_exp" time="1.767" classname="testNGFramework.Formy"/>
  <testcase name="a_pageLoad" time="40.121" classname="testNGFramework.Formy"/>
  <testcase name="c_lName" time="1.223" classname="testNGFramework.Formy"/>
  <testcase name="f_gen" time="0.396" classname="testNGFramework.Formy"/>
  <testcase name="b_fName" time="8.315" classname="testNGFramework.Formy"/>
  <testcase name="e_college" time="0.417" classname="testNGFramework.Formy"/>
  <testcase name="h_browserCloser" time="4.175" classname="testNGFramework.Formy"/>
</testsuite> <!-- testNGFramework.Formy -->
