<?xml version="1.0" encoding="UTF-8"?>
<!-- Generated by org.testng.reporters.JUnitReportReporter -->
<testsuite skipped="0" hostname="DESKTOP-8DAP2QS" name="testNGFramework.MethodDependency" tests="6" failures="0" timestamp="20 Sep 2021 03:16:56 GMT" time="0.060" errors="0">
  <testcase name="f3" time="0.002" classname="testNGFramework.MethodDependency"/>
  <testcase name="f5" time="0.005" classname="testNGFramework.MethodDependency"/>
  <testcase name="f2" time="0.003" classname="testNGFramework.MethodDependency"/>
  <testcase name="f6" time="0.006" classname="testNGFramework.MethodDependency"/>
  <testcase name="f4" time="0.038" classname="testNGFramework.MethodDependency"/>
  <testcase name="f1" time="0.006" classname="testNGFramework.MethodDependency"/>
</testsuite> <!-- testNGFramework.MethodDependency -->
