<?xml version="1.0" encoding="UTF-8"?>
<!-- Generated by org.testng.reporters.JUnitReportReporter -->
<testsuite skipped="2" hostname="DESKTOP-8DAP2QS" name="testNGFramework.DisablingTestSript" tests="5" failures="0" timestamp="19 Sep 2021 09:04:39 GMT" time="0.063" errors="0">
  <testcase name="f3" time="0.000" classname="testNGFramework.DisablingTestSript"/>
  <testcase name="f5" time="0.016" classname="testNGFramework.DisablingTestSript"/>
  <testcase name="f1" time="0.047" classname="testNGFramework.DisablingTestSript"/>
  <testcase name="f2" classname="testNGFramework.DisablingTestSript">
    <skipped/>
  </testcase> <!-- f2 -->
  <testcase name="f4" classname="testNGFramework.DisablingTestSript">
    <skipped/>
  </testcase> <!-- f4 -->
</testsuite> <!-- testNGFramework.DisablingTestSript -->
