<?xml version="1.0" encoding="UTF-8"?>
<!-- Generated by org.testng.reporters.JUnitReportReporter -->
<testsuite skipped="0" hostname="DESKTOP-8DAP2QS" name="testNGFramework.ExplicitDemo" tests="2" failures="0" timestamp="24 Sep 2021 19:58:18 GMT" time="29.585" errors="0">
  <testcase name="a_pageLoad" time="18.789" classname="testNGFramework.ExplicitDemo"/>
  <testcase name="b_search" time="10.796" classname="testNGFramework.ExplicitDemo"/>
</testsuite> <!-- testNGFramework.ExplicitDemo -->
