<?xml version="1.0" encoding="UTF-8"?>
<!-- Generated by org.testng.reporters.JUnitReportReporter -->
<testsuite skipped="0" hostname="DESKTOP-8DAP2QS" name="testNGFramework.GroupingConcept" tests="3" failures="0" timestamp="20 Sep 2021 03:09:14 GMT" time="0.055" errors="0">
  <testcase name="f4" time="0.005" classname="testNGFramework.GroupingConcept"/>
  <testcase name="f6" time="0.004" classname="testNGFramework.GroupingConcept"/>
  <testcase name="f2" time="0.046" classname="testNGFramework.GroupingConcept"/>
</testsuite> <!-- testNGFramework.GroupingConcept -->
