<?xml version="1.0" encoding="UTF-8"?>
<!-- Generated by org.testng.reporters.JUnitReportReporter -->
<testsuite skipped="0" hostname="DESKTOP-8DAP2QS" name="testNGFramework.PageLoadTimeOutDemo" tests="2" failures="0" timestamp="20 Sep 2021 04:34:20 GMT" time="30.188" errors="0">
  <testcase name="a_pageLoad" time="17.173" classname="testNGFramework.PageLoadTimeOutDemo"/>
  <testcase name="b_search" time="13.015" classname="testNGFramework.PageLoadTimeOutDemo"/>
</testsuite> <!-- testNGFramework.PageLoadTimeOutDemo -->
