<?xml version="1.0" encoding="UTF-8"?>
<!-- Generated by org.testng.reporters.JUnitReportReporter -->
<testsuite skipped="0" hostname="DESKTOP-8DAP2QS" name="testNGFramework.Rediff" tests="3" failures="0" timestamp="20 Sep 2021 05:21:38 GMT" time="59.279" errors="0">
  <testcase name="c_captcha" time="32.071" classname="testNGFramework.Rediff"/>
  <testcase name="a_pageLoad" time="20.785" classname="testNGFramework.Rediff"/>
  <testcase name="b_createAccount" time="6.423" classname="testNGFramework.Rediff"/>
</testsuite> <!-- testNGFramework.Rediff -->
