<?xml version="1.0" encoding="UTF-8"?>
<!-- Generated by org.testng.reporters.JUnitReportReporter -->
<testsuite skipped="0" hostname="DESKTOP-8DAP2QS" name="testNGFramework.ImplicitDemo" tests="2" failures="0" timestamp="20 Sep 2021 04:17:22 GMT" time="27.151" errors="0">
  <testcase name="a_pageLoad" time="18.674" classname="testNGFramework.ImplicitDemo"/>
  <testcase name="b_search" time="8.477" classname="testNGFramework.ImplicitDemo"/>
</testsuite> <!-- testNGFramework.ImplicitDemo -->
