<?xml version="1.0" encoding="UTF-8"?>
<!-- Generated by org.testng.reporters.JUnitReportReporter -->
<testsuite skipped="0" hostname="DESKTOP-8DAP2QS" name="testNGFramework.NavigationCommands" tests="2" failures="0" timestamp="22 Sep 2021 03:27:17 GMT" time="31.171" errors="0">
  <testcase name="a_pageload" time="16.794" classname="testNGFramework.NavigationCommands"/>
  <testcase name="b_navigation" time="14.377" classname="testNGFramework.NavigationCommands"/>
</testsuite> <!-- testNGFramework.NavigationCommands -->
