<?xml version="1.0" encoding="UTF-8"?>
<!-- Generated by org.testng.reporters.JUnitReportReporter -->
<testsuite skipped="0" hostname="DESKTOP-8DAP2QS" name="testNGFramework.Flipkart" tests="5" failures="0" timestamp="19 Sep 2021 18:58:37 GMT" time="84.013" errors="0">
  <testcase name="d_selectProduct" time="5.279" classname="testNGFramework.Flipkart"/>
  <testcase name="b_closeLogin" time="0.408" classname="testNGFramework.Flipkart"/>
  <testcase name="a_pageload" time="45.530" classname="testNGFramework.Flipkart"/>
  <testcase name="c_search" time="0.733" classname="testNGFramework.Flipkart"/>
  <testcase name="e_getPageTitle" time="32.063" classname="testNGFramework.Flipkart"/>
</testsuite> <!-- testNGFramework.Flipkart -->
