<?xml version="1.0" encoding="UTF-8"?>
<!-- Generated by org.testng.reporters.JUnitReportReporter -->
<testsuite skipped="0" hostname="DESKTOP-8DAP2QS" name="testNGFramework.iFrames" tests="2" failures="0" timestamp="22 Sep 2021 03:16:37 GMT" time="35.867" errors="0">
  <testcase name="a_pageLoad" time="35.043" classname="testNGFramework.iFrames"/>
  <testcase name="b_iFrames" time="0.824" classname="testNGFramework.iFrames"/>
</testsuite> <!-- testNGFramework.iFrames -->
