<?xml version="1.0" encoding="UTF-8"?>
<!-- Generated by org.testng.reporters.JUnitReportReporter -->
<testsuite skipped="0" hostname="DESKTOP-8DAP2QS" name="testNGFramework.AssertionDemo" tests="7" failures="0" timestamp="21 Sep 2021 04:23:00 GMT" time="12.096" errors="0">
  <testcase name="f_assertNull" time="0.000" classname="testNGFramework.AssertionDemo"/>
  <testcase name="a_pageLoad" time="11.742" classname="testNGFramework.AssertionDemo"/>
  <testcase name="e_assertFalse" time="0.031" classname="testNGFramework.AssertionDemo"/>
  <testcase name="g_assertNotNull" time="0.031" classname="testNGFramework.AssertionDemo"/>
  <testcase name="c_assertNotEquals" time="0.059" classname="testNGFramework.AssertionDemo"/>
  <testcase name="b_assertEquals" time="0.182" classname="testNGFramework.AssertionDemo"/>
  <testcase name="d_assertTrue" time="0.051" classname="testNGFramework.AssertionDemo"/>
</testsuite> <!-- testNGFramework.AssertionDemo -->
