<?xml version="1.0" encoding="UTF-8"?>
<!-- Generated by org.testng.reporters.JUnitReportReporter -->
<testsuite skipped="0" hostname="DESKTOP-8DAP2QS" name="testNGFramework.VerificationCommands" tests="4" failures="0" timestamp="21 Sep 2021 03:14:41 GMT" time="16.019" errors="0">
  <testcase name="b_radioButton" time="0.303" classname="testNGFramework.VerificationCommands"/>
  <testcase name="c_checkButton" time="0.169" classname="testNGFramework.VerificationCommands"/>
  <testcase name="a_pageLoad" time="14.793" classname="testNGFramework.VerificationCommands"/>
  <testcase name="d_text" time="0.754" classname="testNGFramework.VerificationCommands"/>
</testsuite> <!-- testNGFramework.VerificationCommands -->
